<?xml version="1.0" encoding="UTF-8"?>
<testsuite name="LoginPageTest"
           tests="2"
           failures="0"
           errors="0"
           skipped="0"
           time="1.145">
  <properties />
  
  
            <testcase name="verifyUserShouldNavigateToRegisterPageSuccessfully" time="0.427" classname="com.nopcommerce.demo.testsuite.RegisterPageTest" />
                <testcase name="verifyThatFirstNameLastNameEmailPasswordAndConfirmPasswordFieldsAreMandatory" time="0.718" classname="com.nopcommerce.demo.testsuite.RegisterPageTest" />
      
</testsuite>
