<?xml version="1.0" encoding="UTF-8"?>
<testsuite name="LoginPageTest"
           tests="2"
           failures="0"
           errors="0"
           skipped="0"
           time="2.416">
  <properties />
  
  
            <testcase name="verifyTheErrorMessageWithInValidCredentials" time="1.545" classname="com.nopcommerce.demo.testsuite.LoginPageTest" />
                <testcase name="userShouldNavigateToLoginPageSuccessFully" time="0.871" classname="com.nopcommerce.demo.testsuite.LoginPageTest" />
      
</testsuite>
