<?xml version="1.0" encoding="UTF-8"?>
<testsuite name="LoginPageTest"
           tests="2"
           failures="0"
           errors="0"
           skipped="0"
           time="2.182">
  <properties />
  
  
            <testcase name="verifyUserShouldNavigateToComputerPageSuccessfully" time="0.604" classname="com.nopcommerce.demo.testsuite.ComputerPageTest" />
                <testcase name="verifyUserShouldNavigateToDesktopsPageSuccessfully" time="1.578" classname="com.nopcommerce.demo.testsuite.ComputerPageTest" />
      
</testsuite>
